2020-04-15 12:54:41.331  INFO 9636 --- [main] c.c.c.ConfigServicePropertySourceLocator : Fetching config from server at : http://localhost:8888
2020-04-15 12:54:43.469  INFO 9636 --- [main] c.c.c.ConfigServicePropertySourceLocator : Connect Timeout Exception on Url - http://localhost:8888. Will be trying the next url if available
2020-04-15 12:54:43.470  WARN 9636 --- [main] c.c.c.ConfigServicePropertySourceLocator : Could not locate PropertySource: I/O error on GET request for "http://localhost:8888/helloprice-crawl-scheduler/dev,dev-app,dev-jpa,dev-stream": Connection refused: connect; nested exception is java.net.ConnectException: Connection refused: connect
2020-04-15 12:54:43.473  INFO 9636 --- [main] c.p.h.CrawlSchedulerApplication          : The following profiles are active: core,jpa,stream,dev-app,dev-jpa,dev-stream,dev
2020-04-15 12:54:44.155  INFO 9636 --- [main] .s.d.r.c.RepositoryConfigurationDelegate : Bootstrapping Spring Data repositories in DEFAULT mode.
2020-04-15 12:54:44.194  INFO 9636 --- [main] .s.d.r.c.RepositoryConfigurationDelegate : Finished Spring Data repository scanning in 30ms. Found 0 repository interfaces.
2020-04-15 12:54:44.511  INFO 9636 --- [main] o.s.cloud.context.scope.GenericScope     : BeanFactory id=d378f835-a4c4-3ee8-8140-061ddd300414
2020-04-15 12:54:44.563  INFO 9636 --- [main] faultConfiguringBeanFactoryPostProcessor : No bean named 'errorChannel' has been explicitly defined. Therefore, a default PublishSubscribeChannel will be created.
2020-04-15 12:54:44.577  INFO 9636 --- [main] faultConfiguringBeanFactoryPostProcessor : No bean named 'integrationHeaderChannelRegistry' has been explicitly defined. Therefore, a default DefaultHeaderChannelRegistry will be created.
2020-04-15 12:54:44.687  INFO 9636 --- [main] trationDelegate$BeanPostProcessorChecker : Bean 'org.springframework.transaction.annotation.ProxyTransactionManagementConfiguration' of type [org.springframework.transaction.annotation.ProxyTransactionManagementConfiguration] is not eligible for getting processed by all BeanPostProcessors (for example: not eligible for auto-proxying)
2020-04-15 12:54:44.749  INFO 9636 --- [main] trationDelegate$BeanPostProcessorChecker : Bean 'org.springframework.integration.config.IntegrationManagementConfiguration' of type [org.springframework.integration.config.IntegrationManagementConfiguration] is not eligible for getting processed by all BeanPostProcessors (for example: not eligible for auto-proxying)
2020-04-15 12:54:44.754  INFO 9636 --- [main] trationDelegate$BeanPostProcessorChecker : Bean 'org.springframework.boot.autoconfigure.integration.IntegrationAutoConfiguration$IntegrationJmxConfiguration' of type [org.springframework.boot.autoconfigure.integration.IntegrationAutoConfiguration$IntegrationJmxConfiguration] is not eligible for getting processed by all BeanPostProcessors (for example: not eligible for auto-proxying)
2020-04-15 12:54:44.766  INFO 9636 --- [main] trationDelegate$BeanPostProcessorChecker : Bean 'org.springframework.boot.autoconfigure.jmx.JmxAutoConfiguration' of type [org.springframework.boot.autoconfigure.jmx.JmxAutoConfiguration] is not eligible for getting processed by all BeanPostProcessors (for example: not eligible for auto-proxying)
2020-04-15 12:54:44.773  INFO 9636 --- [main] trationDelegate$BeanPostProcessorChecker : Bean 'mbeanServer' of type [com.sun.jmx.mbeanserver.JmxMBeanServer] is not eligible for getting processed by all BeanPostProcessors (for example: not eligible for auto-proxying)
2020-04-15 12:54:44.798  INFO 9636 --- [main] trationDelegate$BeanPostProcessorChecker : Bean 'integrationChannelResolver' of type [org.springframework.integration.support.channel.BeanFactoryChannelResolver] is not eligible for getting processed by all BeanPostProcessors (for example: not eligible for auto-proxying)
2020-04-15 12:54:44.800  INFO 9636 --- [main] trationDelegate$BeanPostProcessorChecker : Bean 'integrationDisposableAutoCreatedBeans' of type [org.springframework.integration.config.annotation.Disposables] is not eligible for getting processed by all BeanPostProcessors (for example: not eligible for auto-proxying)
2020-04-15 12:54:45.178  INFO 9636 --- [main] o.s.b.w.embedded.tomcat.TomcatWebServer  : Tomcat initialized with port(s): 28081 (http)
2020-04-15 12:54:45.188  INFO 9636 --- [main] o.apache.catalina.core.StandardService   : Starting service [Tomcat]
2020-04-15 12:54:45.189  INFO 9636 --- [main] org.apache.catalina.core.StandardEngine  : Starting Servlet engine: [Apache Tomcat/9.0.27]
2020-04-15 12:54:45.363  INFO 9636 --- [main] o.a.c.c.C.[Tomcat].[localhost].[/]       : Initializing Spring embedded WebApplicationContext
2020-04-15 12:54:45.364  INFO 9636 --- [main] o.s.web.context.ContextLoader            : Root WebApplicationContext: initialization completed in 1866 ms
2020-04-15 12:54:45.662  INFO 9636 --- [main] com.zaxxer.hikari.HikariDataSource       : HikariPool-1 - Starting...
2020-04-15 12:54:45.834  INFO 9636 --- [main] com.zaxxer.hikari.HikariDataSource       : HikariPool-1 - Start completed.
2020-04-15 12:54:45.908  INFO 9636 --- [main] o.hibernate.jpa.internal.util.LogHelper  : HHH000204: Processing PersistenceUnitInfo [name: default]
2020-04-15 12:54:46.023  INFO 9636 --- [main] org.hibernate.Version                    : HHH000412: Hibernate Core {5.4.6.Final}
2020-04-15 12:54:46.253  INFO 9636 --- [main] o.hibernate.annotations.common.Version   : HCANN000001: Hibernate Commons Annotations {5.1.0.Final}
2020-04-15 12:54:46.437  INFO 9636 --- [main] org.hibernate.dialect.Dialect            : HHH000400: Using dialect: org.hibernate.dialect.MySQL55Dialect
2020-04-15 12:54:47.329  INFO 9636 --- [main] o.h.e.t.j.p.i.JtaPlatformInitiator       : HHH000490: Using JtaPlatform implementation: [org.hibernate.engine.transaction.jta.platform.internal.NoJtaPlatform]
2020-04-15 12:54:47.340  INFO 9636 --- [main] j.LocalContainerEntityManagerFactoryBean : Initialized JPA EntityManagerFactory for persistence unit 'default'
2020-04-15 12:54:47.479  WARN 9636 --- [main] JpaBaseConfiguration$JpaWebConfiguration : spring.jpa.open-in-view is enabled by default. Therefore, database queries may be performed during view rendering. Explicitly configure spring.jpa.open-in-view to disable this warning
2020-04-15 12:54:47.610  INFO 9636 --- [main] o.s.s.concurrent.ThreadPoolTaskExecutor  : Initializing ExecutorService 'applicationTaskExecutor'
2020-04-15 12:54:47.880  INFO 9636 --- [main] o.s.s.c.ThreadPoolTaskScheduler          : Initializing ExecutorService 'taskScheduler'
2020-04-15 12:54:49.000  INFO 9636 --- [main] c.f.c.c.BeanFactoryAwareFunctionRegistry : Looking up function 'publishProduct' with acceptedOutputTypes: []
2020-04-15 12:54:49.039  INFO 9636 --- [main] c.f.c.c.BeanFactoryAwareFunctionRegistry : Looking up function 'publishProduct' with acceptedOutputTypes: []
2020-04-15 12:54:49.043  INFO 9636 --- [main] c.f.c.c.BeanFactoryAwareFunctionRegistry : Looking up function 'publishProduct' with acceptedOutputTypes: []
2020-04-15 12:54:49.043  INFO 9636 --- [main] c.f.c.c.BeanFactoryAwareFunctionRegistry : Looking up function 'publishProduct' with acceptedOutputTypes: [application/json]
2020-04-15 12:54:49.300  INFO 9636 --- [main] o.s.i.monitor.IntegrationMBeanExporter   : Registering MessageChannel publishProduct-out-0
2020-04-15 12:54:49.402  INFO 9636 --- [main] o.s.i.monitor.IntegrationMBeanExporter   : Registering MessageChannel publishProduct_integrationflow.channel#0
2020-04-15 12:54:49.431  INFO 9636 --- [main] o.s.i.monitor.IntegrationMBeanExporter   : Registering MessageChannel errorChannel
2020-04-15 12:54:49.486  INFO 9636 --- [main] o.s.i.monitor.IntegrationMBeanExporter   : Registering MessageChannel nullChannel
2020-04-15 12:54:49.508  INFO 9636 --- [main] o.s.i.monitor.IntegrationMBeanExporter   : Registering MessageHandler publishProduct_integrationflow.org.springframework.integration.config.ConsumerEndpointFactoryBean#0
2020-04-15 12:54:49.550  INFO 9636 --- [main] o.s.i.monitor.IntegrationMBeanExporter   : Registering MessageHandler errorLogger
2020-04-15 12:54:49.572  INFO 9636 --- [main] o.s.i.endpoint.EventDrivenConsumer       : Adding {logging-channel-adapter:_org.springframework.integration.errorLogger} as a subscriber to the 'errorChannel' channel
2020-04-15 12:54:49.573  INFO 9636 --- [main] o.s.i.channel.PublishSubscribeChannel    : Channel 'helloprice-crawl-scheduler-1.errorChannel' has 1 subscriber(s).
2020-04-15 12:54:49.573  INFO 9636 --- [main] o.s.i.endpoint.EventDrivenConsumer       : started bean '_org.springframework.integration.errorLogger'
2020-04-15 12:54:49.594  INFO 9636 --- [main] o.s.i.endpoint.ReactiveStreamsConsumer   : started bean 'publishProduct_integrationflow.org.springframework.integration.config.ConsumerEndpointFactoryBean#0'
2020-04-15 12:54:50.527  INFO 9636 --- [main] c.c.c.ConfigServicePropertySourceLocator : Fetching config from server at : http://localhost:8888
2020-04-15 12:54:52.549  INFO 9636 --- [main] c.c.c.ConfigServicePropertySourceLocator : Connect Timeout Exception on Url - http://localhost:8888. Will be trying the next url if available
2020-04-15 12:54:52.549  WARN 9636 --- [main] c.c.c.ConfigServicePropertySourceLocator : Could not locate PropertySource: I/O error on GET request for "http://localhost:8888/helloprice-crawl-scheduler/dev,dev-app,dev-jpa,dev-stream": Connection refused: connect; nested exception is java.net.ConnectException: Connection refused: connect
2020-04-15 12:54:52.718  INFO 9636 --- [main] o.s.c.s.b.k.p.KafkaTopicProvisioner      : Using kafka topic for outbound: com.podo.helloprice.crawl.test.crawl-items
2020-04-15 12:54:52.721  INFO 9636 --- [main] o.a.k.clients.admin.AdminClientConfig    : AdminClientConfig values: 
	bootstrap.servers = [192.168.219.103:9092]
	client.dns.lookup = default
	client.id = 
	connections.max.idle.ms = 300000
	metadata.max.age.ms = 300000
	metric.reporters = []
	metrics.num.samples = 2
	metrics.recording.level = INFO
	metrics.sample.window.ms = 30000
	receive.buffer.bytes = 65536
	reconnect.backoff.max.ms = 1000
	reconnect.backoff.ms = 50
	request.timeout.ms = 120000
	retries = 5
	retry.backoff.ms = 100
	sasl.client.callback.handler.class = null
	sasl.jaas.config = null
	sasl.kerberos.kinit.cmd = /usr/bin/kinit
	sasl.kerberos.min.time.before.relogin = 60000
	sasl.kerberos.service.name = null
	sasl.kerberos.ticket.renew.jitter = 0.05
	sasl.kerberos.ticket.renew.window.factor = 0.8
	sasl.login.callback.handler.class = null
	sasl.login.class = null
	sasl.login.refresh.buffer.seconds = 300
	sasl.login.refresh.min.period.seconds = 60
	sasl.login.refresh.window.factor = 0.8
	sasl.login.refresh.window.jitter = 0.05
	sasl.mechanism = GSSAPI
	security.protocol = PLAINTEXT
	send.buffer.bytes = 131072
	ssl.cipher.suites = null
	ssl.enabled.protocols = [TLSv1.2, TLSv1.1, TLSv1]
	ssl.endpoint.identification.algorithm = https
	ssl.key.password = null
	ssl.keymanager.algorithm = SunX509
	ssl.keystore.location = null
	ssl.keystore.password = null
	ssl.keystore.type = JKS
	ssl.protocol = TLS
	ssl.provider = null
	ssl.secure.random.implementation = null
	ssl.trustmanager.algorithm = PKIX
	ssl.truststore.location = null
	ssl.truststore.password = null
	ssl.truststore.type = JKS

2020-04-15 12:54:52.773  INFO 9636 --- [main] o.a.kafka.common.utils.AppInfoParser     : Kafka version: 2.3.0
2020-04-15 12:54:52.773  INFO 9636 --- [main] o.a.kafka.common.utils.AppInfoParser     : Kafka commitId: fc1aaa116b661c8a
2020-04-15 12:54:52.773  INFO 9636 --- [main] o.a.kafka.common.utils.AppInfoParser     : Kafka startTimeMs: 1586922892771
2020-04-15 12:54:53.083  INFO 9636 --- [main] o.a.k.clients.producer.ProducerConfig    : ProducerConfig values: 
	acks = 1
	batch.size = 16384
	bootstrap.servers = [192.168.219.103:9092]
	buffer.memory = 33554432
	client.dns.lookup = default
	client.id = 
	compression.type = none
	connections.max.idle.ms = 540000
	delivery.timeout.ms = 120000
	enable.idempotence = false
	interceptor.classes = []
	key.serializer = class org.apache.kafka.common.serialization.ByteArraySerializer
	linger.ms = 0
	max.block.ms = 60000
	max.in.flight.requests.per.connection = 5
	max.request.size = 1048576
	metadata.max.age.ms = 300000
	metric.reporters = []
	metrics.num.samples = 2
	metrics.recording.level = INFO
	metrics.sample.window.ms = 30000
	partitioner.class = class org.apache.kafka.clients.producer.internals.DefaultPartitioner
	receive.buffer.bytes = 32768
	reconnect.backoff.max.ms = 1000
	reconnect.backoff.ms = 50
	request.timeout.ms = 30000
	retries = 0
	retry.backoff.ms = 100
	sasl.client.callback.handler.class = null
	sasl.jaas.config = null
	sasl.kerberos.kinit.cmd = /usr/bin/kinit
	sasl.kerberos.min.time.before.relogin = 60000
	sasl.kerberos.service.name = null
	sasl.kerberos.ticket.renew.jitter = 0.05
	sasl.kerberos.ticket.renew.window.factor = 0.8
	sasl.login.callback.handler.class = null
	sasl.login.class = null
	sasl.login.refresh.buffer.seconds = 300
	sasl.login.refresh.min.period.seconds = 60
	sasl.login.refresh.window.factor = 0.8
	sasl.login.refresh.window.jitter = 0.05
	sasl.mechanism = GSSAPI
	security.protocol = PLAINTEXT
	send.buffer.bytes = 131072
	ssl.cipher.suites = null
	ssl.enabled.protocols = [TLSv1.2, TLSv1.1, TLSv1]
	ssl.endpoint.identification.algorithm = https
	ssl.key.password = null
	ssl.keymanager.algorithm = SunX509
	ssl.keystore.location = null
	ssl.keystore.password = null
	ssl.keystore.type = JKS
	ssl.protocol = TLS
	ssl.provider = null
	ssl.secure.random.implementation = null
	ssl.trustmanager.algorithm = PKIX
	ssl.truststore.location = null
	ssl.truststore.password = null
	ssl.truststore.type = JKS
	transaction.timeout.ms = 60000
	transactional.id = null
	value.serializer = class org.apache.kafka.common.serialization.ByteArraySerializer

2020-04-15 12:54:53.103  INFO 9636 --- [main] o.a.kafka.common.utils.AppInfoParser     : Kafka version: 2.3.0
2020-04-15 12:54:53.103  INFO 9636 --- [main] o.a.kafka.common.utils.AppInfoParser     : Kafka commitId: fc1aaa116b661c8a
2020-04-15 12:54:53.103  INFO 9636 --- [main] o.a.kafka.common.utils.AppInfoParser     : Kafka startTimeMs: 1586922893103
2020-04-15 12:54:53.111  INFO 9636 --- [kafka-producer-network-thread | producer-1] org.apache.kafka.clients.Metadata        : [Producer clientId=producer-1] Cluster ID: EZ4UIMyySmCd9ZU9r2Z2tQ
2020-04-15 12:54:53.112  INFO 9636 --- [main] o.a.k.clients.producer.KafkaProducer     : [Producer clientId=producer-1] Closing the Kafka producer with timeoutMillis = 30000 ms.
2020-04-15 12:54:53.127  INFO 9636 --- [main] o.s.c.s.m.DirectWithAttributesChannel    : Channel 'helloprice-crawl-scheduler-1.publishProduct-out-0' has 1 subscriber(s).
2020-04-15 12:54:53.149  INFO 9636 --- [main] o.s.b.w.embedded.tomcat.TomcatWebServer  : Tomcat started on port(s): 28081 (http) with context path ''
2020-04-15 12:54:53.669  INFO 9636 --- [main] c.p.h.CrawlSchedulerApplication          : Started CrawlSchedulerApplication in 15.047 seconds (JVM running for 16.178)
2020-04-15 12:55:00.459  INFO 9636 --- [scheduling-1] o.a.k.clients.producer.ProducerConfig    : ProducerConfig values: 
	acks = 1
	batch.size = 16384
	bootstrap.servers = [192.168.219.103:9092]
	buffer.memory = 33554432
	client.dns.lookup = default
	client.id = 
	compression.type = none
	connections.max.idle.ms = 540000
	delivery.timeout.ms = 120000
	enable.idempotence = false
	interceptor.classes = []
	key.serializer = class org.apache.kafka.common.serialization.ByteArraySerializer
	linger.ms = 0
	max.block.ms = 60000
	max.in.flight.requests.per.connection = 5
	max.request.size = 1048576
	metadata.max.age.ms = 300000
	metric.reporters = []
	metrics.num.samples = 2
	metrics.recording.level = INFO
	metrics.sample.window.ms = 30000
	partitioner.class = class org.apache.kafka.clients.producer.internals.DefaultPartitioner
	receive.buffer.bytes = 32768
	reconnect.backoff.max.ms = 1000
	reconnect.backoff.ms = 50
	request.timeout.ms = 30000
	retries = 0
	retry.backoff.ms = 100
	sasl.client.callback.handler.class = null
	sasl.jaas.config = null
	sasl.kerberos.kinit.cmd = /usr/bin/kinit
	sasl.kerberos.min.time.before.relogin = 60000
	sasl.kerberos.service.name = null
	sasl.kerberos.ticket.renew.jitter = 0.05
	sasl.kerberos.ticket.renew.window.factor = 0.8
	sasl.login.callback.handler.class = null
	sasl.login.class = null
	sasl.login.refresh.buffer.seconds = 300
	sasl.login.refresh.min.period.seconds = 60
	sasl.login.refresh.window.factor = 0.8
	sasl.login.refresh.window.jitter = 0.05
	sasl.mechanism = GSSAPI
	security.protocol = PLAINTEXT
	send.buffer.bytes = 131072
	ssl.cipher.suites = null
	ssl.enabled.protocols = [TLSv1.2, TLSv1.1, TLSv1]
	ssl.endpoint.identification.algorithm = https
	ssl.key.password = null
	ssl.keymanager.algorithm = SunX509
	ssl.keystore.location = null
	ssl.keystore.password = null
	ssl.keystore.type = JKS
	ssl.protocol = TLS
	ssl.provider = null
	ssl.secure.random.implementation = null
	ssl.trustmanager.algorithm = PKIX
	ssl.truststore.location = null
	ssl.truststore.password = null
	ssl.truststore.type = JKS
	transaction.timeout.ms = 60000
	transactional.id = null
	value.serializer = class org.apache.kafka.common.serialization.ByteArraySerializer

2020-04-15 12:55:00.463  INFO 9636 --- [scheduling-1] o.a.kafka.common.utils.AppInfoParser     : Kafka version: 2.3.0
2020-04-15 12:55:00.463  INFO 9636 --- [scheduling-1] o.a.kafka.common.utils.AppInfoParser     : Kafka commitId: fc1aaa116b661c8a
2020-04-15 12:55:00.463  INFO 9636 --- [scheduling-1] o.a.kafka.common.utils.AppInfoParser     : Kafka startTimeMs: 1586922900463
2020-04-15 12:55:00.470  INFO 9636 --- [kafka-producer-network-thread | producer-2] org.apache.kafka.clients.Metadata        : [Producer clientId=producer-2] Cluster ID: EZ4UIMyySmCd9ZU9r2Z2tQ
2020-04-15 12:56:34.500  INFO 9636 --- [SpringContextShutdownHook] o.s.i.endpoint.EventDrivenConsumer       : Removing {logging-channel-adapter:_org.springframework.integration.errorLogger} as a subscriber to the 'errorChannel' channel
2020-04-15 12:56:34.500  INFO 9636 --- [SpringContextShutdownHook] o.s.i.channel.PublishSubscribeChannel    : Channel 'helloprice-crawl-scheduler-1.errorChannel' has 0 subscriber(s).
2020-04-15 12:56:34.501  INFO 9636 --- [SpringContextShutdownHook] o.s.i.endpoint.EventDrivenConsumer       : stopped bean '_org.springframework.integration.errorLogger'
2020-04-15 12:56:34.501  INFO 9636 --- [SpringContextShutdownHook] o.s.i.endpoint.ReactiveStreamsConsumer   : stopped bean 'publishProduct_integrationflow.org.springframework.integration.config.ConsumerEndpointFactoryBean#0'
2020-04-15 12:56:34.502  INFO 9636 --- [SpringContextShutdownHook] o.s.s.c.ThreadPoolTaskScheduler          : Shutting down ExecutorService 'taskScheduler'
2020-04-15 12:56:34.504  INFO 9636 --- [SpringContextShutdownHook] o.s.s.concurrent.ThreadPoolTaskExecutor  : Shutting down ExecutorService 'applicationTaskExecutor'
2020-04-15 12:56:34.505  INFO 9636 --- [SpringContextShutdownHook] j.LocalContainerEntityManagerFactoryBean : Closing JPA EntityManagerFactory for persistence unit 'default'
2020-04-15 12:56:34.507  INFO 9636 --- [SpringContextShutdownHook] o.s.i.monitor.IntegrationMBeanExporter   : Summary on shutdown: bean 'publishProduct-out-0'
2020-04-15 12:56:34.507  INFO 9636 --- [SpringContextShutdownHook] o.s.i.monitor.IntegrationMBeanExporter   : Summary on shutdown: bean 'publishProduct_integrationflow.channel#0'
2020-04-15 12:56:34.507  INFO 9636 --- [SpringContextShutdownHook] o.s.i.monitor.IntegrationMBeanExporter   : Summary on shutdown: bean 'errorChannel'
2020-04-15 12:56:34.507  INFO 9636 --- [SpringContextShutdownHook] o.s.i.monitor.IntegrationMBeanExporter   : Summary on shutdown: nullChannel
2020-04-15 12:56:34.507  INFO 9636 --- [SpringContextShutdownHook] o.s.i.monitor.IntegrationMBeanExporter   : Summary on shutdown: bean 'publishProduct_integrationflow.router#0' for component 'publishProduct_integrationflow.org.springframework.integration.config.ConsumerEndpointFactoryBean#0'
2020-04-15 12:56:34.507  INFO 9636 --- [SpringContextShutdownHook] o.s.i.monitor.IntegrationMBeanExporter   : Summary on shutdown: bean '_org.springframework.integration.errorLogger.handler' for component '_org.springframework.integration.errorLogger'
2020-04-15 12:56:34.507  INFO 9636 --- [SpringContextShutdownHook] com.zaxxer.hikari.HikariDataSource       : HikariPool-1 - Shutdown initiated...
2020-04-15 12:56:34.512  INFO 9636 --- [SpringContextShutdownHook] com.zaxxer.hikari.HikariDataSource       : HikariPool-1 - Shutdown completed.
