2020-05-06 15:52:49.905  INFO 12204 --- [main] c.c.c.ConfigServicePropertySourceLocator : Fetching config from server at : http://localhost:8888
2020-05-06 15:52:51.063  INFO 12204 --- [main] c.c.c.ConfigServicePropertySourceLocator : Connect Timeout Exception on Url - http://localhost:8888. Will be trying the next url if available
2020-05-06 15:52:51.065  WARN 12204 --- [main] c.c.c.ConfigServicePropertySourceLocator : Could not locate PropertySource: I/O error on GET request for "http://localhost:8888/helloprice-api/dev,dev-jpa": Connection refused: connect; nested exception is java.net.ConnectException: Connection refused: connect
2020-05-06 15:52:51.071  INFO 12204 --- [main] c.p.helloprice.HellopriceApiApplication  : The following profiles are active: dev-jpa,dev
2020-05-06 15:52:51.821  INFO 12204 --- [main] .s.d.r.c.RepositoryConfigurationDelegate : Bootstrapping Spring Data repositories in DEFAULT mode.
2020-05-06 15:52:51.871  INFO 12204 --- [main] .s.d.r.c.RepositoryConfigurationDelegate : Finished Spring Data repository scanning in 38ms. Found 0 repository interfaces.
2020-05-06 15:52:52.105  INFO 12204 --- [main] o.s.cloud.context.scope.GenericScope     : BeanFactory id=364f9679-1186-3fc8-bf4c-474321f29e1f
2020-05-06 15:52:52.222  INFO 12204 --- [main] trationDelegate$BeanPostProcessorChecker : Bean 'org.springframework.transaction.annotation.ProxyTransactionManagementConfiguration' of type [org.springframework.transaction.annotation.ProxyTransactionManagementConfiguration] is not eligible for getting processed by all BeanPostProcessors (for example: not eligible for auto-proxying)
2020-05-06 15:52:52.555  INFO 12204 --- [main] o.s.b.w.embedded.tomcat.TomcatWebServer  : Tomcat initialized with port(s): 8080 (http)
2020-05-06 15:52:52.568  INFO 12204 --- [main] o.apache.catalina.core.StandardService   : Starting service [Tomcat]
2020-05-06 15:52:52.569  INFO 12204 --- [main] org.apache.catalina.core.StandardEngine  : Starting Servlet engine: [Apache Tomcat/9.0.27]
2020-05-06 15:52:52.789  INFO 12204 --- [main] o.a.c.c.C.[Tomcat].[localhost].[/]       : Initializing Spring embedded WebApplicationContext
2020-05-06 15:52:52.790  INFO 12204 --- [main] o.s.web.context.ContextLoader            : Root WebApplicationContext: initialization completed in 1693 ms
2020-05-06 15:52:53.014  INFO 12204 --- [main] com.zaxxer.hikari.HikariDataSource       : HikariPool-1 - Starting...
2020-05-06 15:52:55.993  INFO 12204 --- [main] com.zaxxer.hikari.HikariDataSource       : HikariPool-1 - Start completed.
2020-05-06 15:52:56.095  INFO 12204 --- [main] o.hibernate.jpa.internal.util.LogHelper  : HHH000204: Processing PersistenceUnitInfo [name: default]
2020-05-06 15:52:56.212  INFO 12204 --- [main] org.hibernate.Version                    : HHH000412: Hibernate Core {5.4.6.Final}
2020-05-06 15:52:56.469  INFO 12204 --- [main] o.hibernate.annotations.common.Version   : HCANN000001: Hibernate Commons Annotations {5.1.0.Final}
2020-05-06 15:52:56.674  INFO 12204 --- [main] org.hibernate.dialect.Dialect            : HHH000400: Using dialect: org.hibernate.dialect.MySQL8Dialect
2020-05-06 15:52:57.868  INFO 12204 --- [main] o.h.e.t.j.p.i.JtaPlatformInitiator       : HHH000490: Using JtaPlatform implementation: [org.hibernate.engine.transaction.jta.platform.internal.NoJtaPlatform]
2020-05-06 15:52:57.886  INFO 12204 --- [main] j.LocalContainerEntityManagerFactoryBean : Initialized JPA EntityManagerFactory for persistence unit 'default'
2020-05-06 15:52:58.222  INFO 12204 --- [main] o.s.s.concurrent.ThreadPoolTaskExecutor  : Initializing ExecutorService 'applicationTaskExecutor'
2020-05-06 15:53:02.014  INFO 12204 --- [main] o.s.cloud.commons.util.InetUtils         : Cannot determine local hostname
2020-05-06 15:53:06.086  INFO 12204 --- [main] o.s.cloud.commons.util.InetUtils         : Cannot determine local hostname
2020-05-06 15:53:06.231  INFO 12204 --- [main] o.s.b.w.embedded.tomcat.TomcatWebServer  : Tomcat started on port(s): 8080 (http) with context path ''
2020-05-06 15:53:09.774  INFO 12204 --- [main] o.s.cloud.commons.util.InetUtils         : Cannot determine local hostname
2020-05-06 15:53:09.787  INFO 12204 --- [main] c.p.helloprice.HellopriceApiApplication  : Started HellopriceApiApplication in 29.3 seconds (JVM running for 34.17)
2020-05-06 15:53:46.215  INFO 12204 --- [http-nio-8080-exec-2] o.a.c.c.C.[Tomcat].[localhost].[/]       : Initializing Spring DispatcherServlet 'dispatcherServlet'
2020-05-06 15:53:46.216  INFO 12204 --- [http-nio-8080-exec-2] o.s.web.servlet.DispatcherServlet        : Initializing Servlet 'dispatcherServlet'
2020-05-06 15:53:46.224  INFO 12204 --- [http-nio-8080-exec-2] o.s.web.servlet.DispatcherServlet        : Completed initialization in 8 ms
2020-05-06 15:56:38.343  INFO 12204 --- [SpringContextShutdownHook] o.s.s.concurrent.ThreadPoolTaskExecutor  : Shutting down ExecutorService 'applicationTaskExecutor'
2020-05-06 15:56:38.344  INFO 12204 --- [SpringContextShutdownHook] j.LocalContainerEntityManagerFactoryBean : Closing JPA EntityManagerFactory for persistence unit 'default'
2020-05-06 15:56:38.347  INFO 12204 --- [SpringContextShutdownHook] com.zaxxer.hikari.HikariDataSource       : HikariPool-1 - Shutdown initiated...
2020-05-06 15:56:38.359  INFO 12204 --- [SpringContextShutdownHook] com.zaxxer.hikari.HikariDataSource       : HikariPool-1 - Shutdown completed.
2020-05-06 15:56:56.920  INFO 12976 --- [main] c.c.c.ConfigServicePropertySourceLocator : Fetching config from server at : http://localhost:8888
2020-05-06 15:56:58.071  INFO 12976 --- [main] c.c.c.ConfigServicePropertySourceLocator : Connect Timeout Exception on Url - http://localhost:8888. Will be trying the next url if available
2020-05-06 15:56:58.074  WARN 12976 --- [main] c.c.c.ConfigServicePropertySourceLocator : Could not locate PropertySource: I/O error on GET request for "http://localhost:8888/helloprice-api/dev,dev-jpa": Connection refused: connect; nested exception is java.net.ConnectException: Connection refused: connect
2020-05-06 15:56:58.078  INFO 12976 --- [main] c.p.helloprice.HellopriceApiApplication  : The following profiles are active: dev-jpa,dev
2020-05-06 15:56:58.781  INFO 12976 --- [main] .s.d.r.c.RepositoryConfigurationDelegate : Bootstrapping Spring Data repositories in DEFAULT mode.
2020-05-06 15:56:58.829  INFO 12976 --- [main] .s.d.r.c.RepositoryConfigurationDelegate : Finished Spring Data repository scanning in 37ms. Found 0 repository interfaces.
2020-05-06 15:56:59.066  INFO 12976 --- [main] o.s.cloud.context.scope.GenericScope     : BeanFactory id=364f9679-1186-3fc8-bf4c-474321f29e1f
2020-05-06 15:56:59.191  INFO 12976 --- [main] trationDelegate$BeanPostProcessorChecker : Bean 'org.springframework.transaction.annotation.ProxyTransactionManagementConfiguration' of type [org.springframework.transaction.annotation.ProxyTransactionManagementConfiguration] is not eligible for getting processed by all BeanPostProcessors (for example: not eligible for auto-proxying)
2020-05-06 15:56:59.523  INFO 12976 --- [main] o.s.b.w.embedded.tomcat.TomcatWebServer  : Tomcat initialized with port(s): 8080 (http)
2020-05-06 15:56:59.536  INFO 12976 --- [main] o.apache.catalina.core.StandardService   : Starting service [Tomcat]
2020-05-06 15:56:59.536  INFO 12976 --- [main] org.apache.catalina.core.StandardEngine  : Starting Servlet engine: [Apache Tomcat/9.0.27]
2020-05-06 15:56:59.760  INFO 12976 --- [main] o.a.c.c.C.[Tomcat].[localhost].[/]       : Initializing Spring embedded WebApplicationContext
2020-05-06 15:56:59.761  INFO 12976 --- [main] o.s.web.context.ContextLoader            : Root WebApplicationContext: initialization completed in 1648 ms
2020-05-06 15:56:59.987  INFO 12976 --- [main] com.zaxxer.hikari.HikariDataSource       : HikariPool-1 - Starting...
2020-05-06 15:57:02.153  INFO 12976 --- [main] com.zaxxer.hikari.HikariDataSource       : HikariPool-1 - Start completed.
2020-05-06 15:57:02.227  INFO 12976 --- [main] o.hibernate.jpa.internal.util.LogHelper  : HHH000204: Processing PersistenceUnitInfo [name: default]
2020-05-06 15:57:02.337  INFO 12976 --- [main] org.hibernate.Version                    : HHH000412: Hibernate Core {5.4.6.Final}
2020-05-06 15:57:02.593  INFO 12976 --- [main] o.hibernate.annotations.common.Version   : HCANN000001: Hibernate Commons Annotations {5.1.0.Final}
2020-05-06 15:57:02.799  INFO 12976 --- [main] org.hibernate.dialect.Dialect            : HHH000400: Using dialect: org.hibernate.dialect.MySQL8Dialect
2020-05-06 15:57:03.915  INFO 12976 --- [main] o.h.e.t.j.p.i.JtaPlatformInitiator       : HHH000490: Using JtaPlatform implementation: [org.hibernate.engine.transaction.jta.platform.internal.NoJtaPlatform]
2020-05-06 15:57:03.929  INFO 12976 --- [main] j.LocalContainerEntityManagerFactoryBean : Initialized JPA EntityManagerFactory for persistence unit 'default'
2020-05-06 15:57:04.234  INFO 12976 --- [main] o.s.s.concurrent.ThreadPoolTaskExecutor  : Initializing ExecutorService 'applicationTaskExecutor'
2020-05-06 15:57:07.987  INFO 12976 --- [main] o.s.cloud.commons.util.InetUtils         : Cannot determine local hostname
2020-05-06 15:57:11.581  INFO 12976 --- [main] o.s.cloud.commons.util.InetUtils         : Cannot determine local hostname
2020-05-06 15:57:11.718  INFO 12976 --- [main] o.s.b.w.embedded.tomcat.TomcatWebServer  : Tomcat started on port(s): 8080 (http) with context path ''
2020-05-06 15:57:12.019  INFO 12976 --- [http-nio-8080-exec-1] o.a.c.c.C.[Tomcat].[localhost].[/]       : Initializing Spring DispatcherServlet 'dispatcherServlet'
2020-05-06 15:57:12.020  INFO 12976 --- [http-nio-8080-exec-1] o.s.web.servlet.DispatcherServlet        : Initializing Servlet 'dispatcherServlet'
2020-05-06 15:57:12.028  INFO 12976 --- [http-nio-8080-exec-1] o.s.web.servlet.DispatcherServlet        : Completed initialization in 8 ms
2020-05-06 15:57:15.355  INFO 12976 --- [main] o.s.cloud.commons.util.InetUtils         : Cannot determine local hostname
2020-05-06 15:57:15.359  INFO 12976 --- [main] c.p.helloprice.HellopriceApiApplication  : Started HellopriceApiApplication in 27.002 seconds (JVM running for 30.291)
2020-05-06 16:00:19.653  INFO 12976 --- [SpringContextShutdownHook] o.s.s.concurrent.ThreadPoolTaskExecutor  : Shutting down ExecutorService 'applicationTaskExecutor'
2020-05-06 16:00:19.654  INFO 12976 --- [SpringContextShutdownHook] j.LocalContainerEntityManagerFactoryBean : Closing JPA EntityManagerFactory for persistence unit 'default'
2020-05-06 16:00:19.658  INFO 12976 --- [SpringContextShutdownHook] com.zaxxer.hikari.HikariDataSource       : HikariPool-1 - Shutdown initiated...
2020-05-06 16:00:19.670  INFO 12976 --- [SpringContextShutdownHook] com.zaxxer.hikari.HikariDataSource       : HikariPool-1 - Shutdown completed.
2020-05-06 16:00:52.963  INFO 13668 --- [main] c.c.c.ConfigServicePropertySourceLocator : Fetching config from server at : http://localhost:8888
2020-05-06 16:00:54.105  INFO 13668 --- [main] c.c.c.ConfigServicePropertySourceLocator : Connect Timeout Exception on Url - http://localhost:8888. Will be trying the next url if available
2020-05-06 16:00:54.106  WARN 13668 --- [main] c.c.c.ConfigServicePropertySourceLocator : Could not locate PropertySource: I/O error on GET request for "http://localhost:8888/helloprice-api/dev,dev-jpa": Connection refused: connect; nested exception is java.net.ConnectException: Connection refused: connect
2020-05-06 16:00:54.109  INFO 13668 --- [main] c.p.helloprice.HellopriceApiApplication  : The following profiles are active: dev-jpa,dev
2020-05-06 16:00:54.803  INFO 13668 --- [main] .s.d.r.c.RepositoryConfigurationDelegate : Bootstrapping Spring Data repositories in DEFAULT mode.
2020-05-06 16:00:54.851  INFO 13668 --- [main] .s.d.r.c.RepositoryConfigurationDelegate : Finished Spring Data repository scanning in 36ms. Found 0 repository interfaces.
2020-05-06 16:00:55.083  INFO 13668 --- [main] o.s.cloud.context.scope.GenericScope     : BeanFactory id=364f9679-1186-3fc8-bf4c-474321f29e1f
2020-05-06 16:00:55.209  INFO 13668 --- [main] trationDelegate$BeanPostProcessorChecker : Bean 'org.springframework.transaction.annotation.ProxyTransactionManagementConfiguration' of type [org.springframework.transaction.annotation.ProxyTransactionManagementConfiguration] is not eligible for getting processed by all BeanPostProcessors (for example: not eligible for auto-proxying)
2020-05-06 16:00:55.531  INFO 13668 --- [main] o.s.b.w.embedded.tomcat.TomcatWebServer  : Tomcat initialized with port(s): 8080 (http)
2020-05-06 16:00:55.544  INFO 13668 --- [main] o.apache.catalina.core.StandardService   : Starting service [Tomcat]
2020-05-06 16:00:55.544  INFO 13668 --- [main] org.apache.catalina.core.StandardEngine  : Starting Servlet engine: [Apache Tomcat/9.0.27]
2020-05-06 16:00:55.770  INFO 13668 --- [main] o.a.c.c.C.[Tomcat].[localhost].[/]       : Initializing Spring embedded WebApplicationContext
2020-05-06 16:00:55.771  INFO 13668 --- [main] o.s.web.context.ContextLoader            : Root WebApplicationContext: initialization completed in 1635 ms
2020-05-06 16:00:56.001  INFO 13668 --- [main] com.zaxxer.hikari.HikariDataSource       : HikariPool-1 - Starting...
2020-05-06 16:00:58.152  INFO 13668 --- [main] com.zaxxer.hikari.HikariDataSource       : HikariPool-1 - Start completed.
2020-05-06 16:00:58.228  INFO 13668 --- [main] o.hibernate.jpa.internal.util.LogHelper  : HHH000204: Processing PersistenceUnitInfo [name: default]
2020-05-06 16:00:58.339  INFO 13668 --- [main] org.hibernate.Version                    : HHH000412: Hibernate Core {5.4.6.Final}
2020-05-06 16:00:58.573  INFO 13668 --- [main] o.hibernate.annotations.common.Version   : HCANN000001: Hibernate Commons Annotations {5.1.0.Final}
2020-05-06 16:00:58.762  INFO 13668 --- [main] org.hibernate.dialect.Dialect            : HHH000400: Using dialect: org.hibernate.dialect.MySQL8Dialect
2020-05-06 16:00:59.854  INFO 13668 --- [main] o.h.e.t.j.p.i.JtaPlatformInitiator       : HHH000490: Using JtaPlatform implementation: [org.hibernate.engine.transaction.jta.platform.internal.NoJtaPlatform]
2020-05-06 16:00:59.867  INFO 13668 --- [main] j.LocalContainerEntityManagerFactoryBean : Initialized JPA EntityManagerFactory for persistence unit 'default'
2020-05-06 16:01:00.174  INFO 13668 --- [main] o.s.s.concurrent.ThreadPoolTaskExecutor  : Initializing ExecutorService 'applicationTaskExecutor'
2020-05-06 16:01:03.801  INFO 13668 --- [main] o.s.cloud.commons.util.InetUtils         : Cannot determine local hostname
2020-05-06 16:01:07.287  INFO 13668 --- [main] o.s.cloud.commons.util.InetUtils         : Cannot determine local hostname
2020-05-06 16:01:07.450  INFO 13668 --- [main] o.s.b.w.embedded.tomcat.TomcatWebServer  : Tomcat started on port(s): 8080 (http) with context path ''
2020-05-06 16:01:11.222  INFO 13668 --- [main] o.s.cloud.commons.util.InetUtils         : Cannot determine local hostname
2020-05-06 16:01:11.235  INFO 13668 --- [main] c.p.helloprice.HellopriceApiApplication  : Started HellopriceApiApplication in 26.542 seconds (JVM running for 29.633)
2020-05-06 16:01:24.250  INFO 13668 --- [http-nio-8080-exec-1] o.a.c.c.C.[Tomcat].[localhost].[/]       : Initializing Spring DispatcherServlet 'dispatcherServlet'
2020-05-06 16:01:24.251  INFO 13668 --- [http-nio-8080-exec-1] o.s.web.servlet.DispatcherServlet        : Initializing Servlet 'dispatcherServlet'
2020-05-06 16:01:24.261  INFO 13668 --- [http-nio-8080-exec-1] o.s.web.servlet.DispatcherServlet        : Completed initialization in 10 ms
2020-05-06 16:02:48.188  INFO 13668 --- [SpringContextShutdownHook] o.s.s.concurrent.ThreadPoolTaskExecutor  : Shutting down ExecutorService 'applicationTaskExecutor'
2020-05-06 16:02:48.188  INFO 13668 --- [SpringContextShutdownHook] j.LocalContainerEntityManagerFactoryBean : Closing JPA EntityManagerFactory for persistence unit 'default'
2020-05-06 16:02:48.192  INFO 13668 --- [SpringContextShutdownHook] com.zaxxer.hikari.HikariDataSource       : HikariPool-1 - Shutdown initiated...
2020-05-06 16:02:48.205  INFO 13668 --- [SpringContextShutdownHook] com.zaxxer.hikari.HikariDataSource       : HikariPool-1 - Shutdown completed.
2020-05-06 16:03:06.374  INFO 24192 --- [main] c.c.c.ConfigServicePropertySourceLocator : Fetching config from server at : http://localhost:8888
2020-05-06 16:03:07.520  INFO 24192 --- [main] c.c.c.ConfigServicePropertySourceLocator : Connect Timeout Exception on Url - http://localhost:8888. Will be trying the next url if available
2020-05-06 16:03:07.521  WARN 24192 --- [main] c.c.c.ConfigServicePropertySourceLocator : Could not locate PropertySource: I/O error on GET request for "http://localhost:8888/helloprice-api/dev,dev-jpa": Connection refused: connect; nested exception is java.net.ConnectException: Connection refused: connect
2020-05-06 16:03:07.524  INFO 24192 --- [main] c.p.helloprice.HellopriceApiApplication  : The following profiles are active: dev-jpa,dev
2020-05-06 16:03:08.736  INFO 24192 --- [main] .s.d.r.c.RepositoryConfigurationDelegate : Bootstrapping Spring Data repositories in DEFAULT mode.
2020-05-06 16:03:08.793  INFO 24192 --- [main] .s.d.r.c.RepositoryConfigurationDelegate : Finished Spring Data repository scanning in 41ms. Found 0 repository interfaces.
2020-05-06 16:03:09.067  INFO 24192 --- [main] o.s.cloud.context.scope.GenericScope     : BeanFactory id=364f9679-1186-3fc8-bf4c-474321f29e1f
2020-05-06 16:03:09.227  INFO 24192 --- [main] trationDelegate$BeanPostProcessorChecker : Bean 'org.springframework.transaction.annotation.ProxyTransactionManagementConfiguration' of type [org.springframework.transaction.annotation.ProxyTransactionManagementConfiguration] is not eligible for getting processed by all BeanPostProcessors (for example: not eligible for auto-proxying)
2020-05-06 16:03:09.587  INFO 24192 --- [main] o.s.b.w.embedded.tomcat.TomcatWebServer  : Tomcat initialized with port(s): 8080 (http)
2020-05-06 16:03:09.600  INFO 24192 --- [main] o.apache.catalina.core.StandardService   : Starting service [Tomcat]
2020-05-06 16:03:09.601  INFO 24192 --- [main] org.apache.catalina.core.StandardEngine  : Starting Servlet engine: [Apache Tomcat/9.0.27]
2020-05-06 16:03:09.835  INFO 24192 --- [main] o.a.c.c.C.[Tomcat].[localhost].[/]       : Initializing Spring embedded WebApplicationContext
2020-05-06 16:03:09.836  INFO 24192 --- [main] o.s.web.context.ContextLoader            : Root WebApplicationContext: initialization completed in 2292 ms
2020-05-06 16:03:10.089  INFO 24192 --- [main] com.zaxxer.hikari.HikariDataSource       : HikariPool-1 - Starting...
2020-05-06 16:03:12.732  INFO 24192 --- [main] com.zaxxer.hikari.HikariDataSource       : HikariPool-1 - Start completed.
2020-05-06 16:03:12.816  INFO 24192 --- [main] o.hibernate.jpa.internal.util.LogHelper  : HHH000204: Processing PersistenceUnitInfo [name: default]
2020-05-06 16:03:12.941  INFO 24192 --- [main] org.hibernate.Version                    : HHH000412: Hibernate Core {5.4.6.Final}
2020-05-06 16:03:13.211  INFO 24192 --- [main] o.hibernate.annotations.common.Version   : HCANN000001: Hibernate Commons Annotations {5.1.0.Final}
2020-05-06 16:03:13.411  INFO 24192 --- [main] org.hibernate.dialect.Dialect            : HHH000400: Using dialect: org.hibernate.dialect.MySQL8Dialect
2020-05-06 16:03:14.590  INFO 24192 --- [main] o.h.e.t.j.p.i.JtaPlatformInitiator       : HHH000490: Using JtaPlatform implementation: [org.hibernate.engine.transaction.jta.platform.internal.NoJtaPlatform]
2020-05-06 16:03:14.604  INFO 24192 --- [main] j.LocalContainerEntityManagerFactoryBean : Initialized JPA EntityManagerFactory for persistence unit 'default'
2020-05-06 16:03:14.937  INFO 24192 --- [main] o.s.s.concurrent.ThreadPoolTaskExecutor  : Initializing ExecutorService 'applicationTaskExecutor'
2020-05-06 16:03:18.726  INFO 24192 --- [main] o.s.cloud.commons.util.InetUtils         : Cannot determine local hostname
2020-05-06 16:03:22.332  INFO 24192 --- [main] o.s.cloud.commons.util.InetUtils         : Cannot determine local hostname
2020-05-06 16:03:22.469  INFO 24192 --- [main] o.s.b.w.embedded.tomcat.TomcatWebServer  : Tomcat started on port(s): 8080 (http) with context path ''
2020-05-06 16:03:22.663  INFO 24192 --- [http-nio-8080-exec-1] o.a.c.c.C.[Tomcat].[localhost].[/]       : Initializing Spring DispatcherServlet 'dispatcherServlet'
2020-05-06 16:03:22.664  INFO 24192 --- [http-nio-8080-exec-1] o.s.web.servlet.DispatcherServlet        : Initializing Servlet 'dispatcherServlet'
2020-05-06 16:03:22.675  INFO 24192 --- [http-nio-8080-exec-1] o.s.web.servlet.DispatcherServlet        : Completed initialization in 11 ms
2020-05-06 16:03:26.104  INFO 24192 --- [main] o.s.cloud.commons.util.InetUtils         : Cannot determine local hostname
2020-05-06 16:03:26.106  INFO 24192 --- [main] c.p.helloprice.HellopriceApiApplication  : Started HellopriceApiApplication in 28.405 seconds (JVM running for 31.493)
2020-05-06 16:04:27.384  INFO 24192 --- [SpringContextShutdownHook] o.s.s.concurrent.ThreadPoolTaskExecutor  : Shutting down ExecutorService 'applicationTaskExecutor'
2020-05-06 16:04:27.386  INFO 24192 --- [SpringContextShutdownHook] j.LocalContainerEntityManagerFactoryBean : Closing JPA EntityManagerFactory for persistence unit 'default'
2020-05-06 16:04:27.390  INFO 24192 --- [SpringContextShutdownHook] com.zaxxer.hikari.HikariDataSource       : HikariPool-1 - Shutdown initiated...
2020-05-06 16:04:27.402  INFO 24192 --- [SpringContextShutdownHook] com.zaxxer.hikari.HikariDataSource       : HikariPool-1 - Shutdown completed.
2020-05-06 16:04:53.052  INFO 12504 --- [main] c.c.c.ConfigServicePropertySourceLocator : Fetching config from server at : http://localhost:8888
2020-05-06 16:04:54.225  INFO 12504 --- [main] c.c.c.ConfigServicePropertySourceLocator : Connect Timeout Exception on Url - http://localhost:8888. Will be trying the next url if available
2020-05-06 16:04:54.227  WARN 12504 --- [main] c.c.c.ConfigServicePropertySourceLocator : Could not locate PropertySource: I/O error on GET request for "http://localhost:8888/helloprice-api/dev,dev-jpa": Connection refused: connect; nested exception is java.net.ConnectException: Connection refused: connect
2020-05-06 16:04:54.231  INFO 12504 --- [main] c.p.helloprice.HellopriceApiApplication  : The following profiles are active: dev-jpa,dev
2020-05-06 16:04:54.966  INFO 12504 --- [main] .s.d.r.c.RepositoryConfigurationDelegate : Bootstrapping Spring Data repositories in DEFAULT mode.
2020-05-06 16:04:55.014  INFO 12504 --- [main] .s.d.r.c.RepositoryConfigurationDelegate : Finished Spring Data repository scanning in 37ms. Found 0 repository interfaces.
2020-05-06 16:04:55.264  INFO 12504 --- [main] o.s.cloud.context.scope.GenericScope     : BeanFactory id=364f9679-1186-3fc8-bf4c-474321f29e1f
2020-05-06 16:04:55.410  INFO 12504 --- [main] trationDelegate$BeanPostProcessorChecker : Bean 'org.springframework.transaction.annotation.ProxyTransactionManagementConfiguration' of type [org.springframework.transaction.annotation.ProxyTransactionManagementConfiguration] is not eligible for getting processed by all BeanPostProcessors (for example: not eligible for auto-proxying)
2020-05-06 16:04:55.773  INFO 12504 --- [main] o.s.b.w.embedded.tomcat.TomcatWebServer  : Tomcat initialized with port(s): 8080 (http)
2020-05-06 16:04:55.786  INFO 12504 --- [main] o.apache.catalina.core.StandardService   : Starting service [Tomcat]
2020-05-06 16:04:55.787  INFO 12504 --- [main] org.apache.catalina.core.StandardEngine  : Starting Servlet engine: [Apache Tomcat/9.0.27]
2020-05-06 16:04:56.020  INFO 12504 --- [main] o.a.c.c.C.[Tomcat].[localhost].[/]       : Initializing Spring embedded WebApplicationContext
2020-05-06 16:04:56.021  INFO 12504 --- [main] o.s.web.context.ContextLoader            : Root WebApplicationContext: initialization completed in 1760 ms
2020-05-06 16:04:56.251  INFO 12504 --- [main] com.zaxxer.hikari.HikariDataSource       : HikariPool-1 - Starting...
2020-05-06 16:04:58.588  INFO 12504 --- [main] com.zaxxer.hikari.HikariDataSource       : HikariPool-1 - Start completed.
2020-05-06 16:04:58.670  INFO 12504 --- [main] o.hibernate.jpa.internal.util.LogHelper  : HHH000204: Processing PersistenceUnitInfo [name: default]
2020-05-06 16:04:58.797  INFO 12504 --- [main] org.hibernate.Version                    : HHH000412: Hibernate Core {5.4.6.Final}
2020-05-06 16:04:59.051  INFO 12504 --- [main] o.hibernate.annotations.common.Version   : HCANN000001: Hibernate Commons Annotations {5.1.0.Final}
2020-05-06 16:04:59.256  INFO 12504 --- [main] org.hibernate.dialect.Dialect            : HHH000400: Using dialect: org.hibernate.dialect.MySQL8Dialect
2020-05-06 16:05:00.498  INFO 12504 --- [main] o.h.e.t.j.p.i.JtaPlatformInitiator       : HHH000490: Using JtaPlatform implementation: [org.hibernate.engine.transaction.jta.platform.internal.NoJtaPlatform]
2020-05-06 16:05:00.514  INFO 12504 --- [main] j.LocalContainerEntityManagerFactoryBean : Initialized JPA EntityManagerFactory for persistence unit 'default'
2020-05-06 16:05:00.830  INFO 12504 --- [main] o.s.s.concurrent.ThreadPoolTaskExecutor  : Initializing ExecutorService 'applicationTaskExecutor'
2020-05-06 16:05:04.801  INFO 12504 --- [main] o.s.cloud.commons.util.InetUtils         : Cannot determine local hostname
2020-05-06 16:05:08.596  INFO 12504 --- [main] o.s.cloud.commons.util.InetUtils         : Cannot determine local hostname
2020-05-06 16:05:08.730  INFO 12504 --- [main] o.s.b.w.embedded.tomcat.TomcatWebServer  : Tomcat started on port(s): 8080 (http) with context path ''
2020-05-06 16:05:12.455  INFO 12504 --- [main] o.s.cloud.commons.util.InetUtils         : Cannot determine local hostname
2020-05-06 16:05:12.457  INFO 12504 --- [main] c.p.helloprice.HellopriceApiApplication  : Started HellopriceApiApplication in 29.967 seconds (JVM running for 34.472)
2020-05-06 16:05:28.096  INFO 12504 --- [http-nio-8080-exec-1] o.a.c.c.C.[Tomcat].[localhost].[/]       : Initializing Spring DispatcherServlet 'dispatcherServlet'
2020-05-06 16:05:28.097  INFO 12504 --- [http-nio-8080-exec-1] o.s.web.servlet.DispatcherServlet        : Initializing Servlet 'dispatcherServlet'
2020-05-06 16:05:28.107  INFO 12504 --- [http-nio-8080-exec-1] o.s.web.servlet.DispatcherServlet        : Completed initialization in 10 ms
2020-05-06 16:07:14.706  INFO 12504 --- [SpringContextShutdownHook] o.s.s.concurrent.ThreadPoolTaskExecutor  : Shutting down ExecutorService 'applicationTaskExecutor'
2020-05-06 16:07:14.707  INFO 12504 --- [SpringContextShutdownHook] j.LocalContainerEntityManagerFactoryBean : Closing JPA EntityManagerFactory for persistence unit 'default'
2020-05-06 16:07:14.711  INFO 12504 --- [SpringContextShutdownHook] com.zaxxer.hikari.HikariDataSource       : HikariPool-1 - Shutdown initiated...
2020-05-06 16:07:14.722  INFO 12504 --- [SpringContextShutdownHook] com.zaxxer.hikari.HikariDataSource       : HikariPool-1 - Shutdown completed.
2020-05-06 16:07:43.291  INFO 24300 --- [main] c.c.c.ConfigServicePropertySourceLocator : Fetching config from server at : http://localhost:8888
2020-05-06 16:07:44.446  INFO 24300 --- [main] c.c.c.ConfigServicePropertySourceLocator : Connect Timeout Exception on Url - http://localhost:8888. Will be trying the next url if available
2020-05-06 16:07:44.447  WARN 24300 --- [main] c.c.c.ConfigServicePropertySourceLocator : Could not locate PropertySource: I/O error on GET request for "http://localhost:8888/helloprice-api/dev,dev-jpa": Connection refused: connect; nested exception is java.net.ConnectException: Connection refused: connect
2020-05-06 16:07:44.452  INFO 24300 --- [main] c.p.helloprice.HellopriceApiApplication  : The following profiles are active: dev-jpa,dev
2020-05-06 16:07:45.194  INFO 24300 --- [main] .s.d.r.c.RepositoryConfigurationDelegate : Bootstrapping Spring Data repositories in DEFAULT mode.
2020-05-06 16:07:45.241  INFO 24300 --- [main] .s.d.r.c.RepositoryConfigurationDelegate : Finished Spring Data repository scanning in 35ms. Found 0 repository interfaces.
2020-05-06 16:07:45.479  INFO 24300 --- [main] o.s.cloud.context.scope.GenericScope     : BeanFactory id=364f9679-1186-3fc8-bf4c-474321f29e1f
2020-05-06 16:07:45.628  INFO 24300 --- [main] trationDelegate$BeanPostProcessorChecker : Bean 'org.springframework.transaction.annotation.ProxyTransactionManagementConfiguration' of type [org.springframework.transaction.annotation.ProxyTransactionManagementConfiguration] is not eligible for getting processed by all BeanPostProcessors (for example: not eligible for auto-proxying)
2020-05-06 16:07:45.935  INFO 24300 --- [main] o.s.b.w.embedded.tomcat.TomcatWebServer  : Tomcat initialized with port(s): 8080 (http)
2020-05-06 16:07:45.949  INFO 24300 --- [main] o.apache.catalina.core.StandardService   : Starting service [Tomcat]
2020-05-06 16:07:45.950  INFO 24300 --- [main] org.apache.catalina.core.StandardEngine  : Starting Servlet engine: [Apache Tomcat/9.0.27]
2020-05-06 16:07:46.165  INFO 24300 --- [main] o.a.c.c.C.[Tomcat].[localhost].[/]       : Initializing Spring embedded WebApplicationContext
2020-05-06 16:07:46.165  INFO 24300 --- [main] o.s.web.context.ContextLoader            : Root WebApplicationContext: initialization completed in 1682 ms
2020-05-06 16:07:46.402  INFO 24300 --- [main] com.zaxxer.hikari.HikariDataSource       : HikariPool-1 - Starting...
2020-05-06 16:07:48.684  INFO 24300 --- [main] com.zaxxer.hikari.HikariDataSource       : HikariPool-1 - Start completed.
2020-05-06 16:07:48.762  INFO 24300 --- [main] o.hibernate.jpa.internal.util.LogHelper  : HHH000204: Processing PersistenceUnitInfo [name: default]
2020-05-06 16:07:48.888  INFO 24300 --- [main] org.hibernate.Version                    : HHH000412: Hibernate Core {5.4.6.Final}
2020-05-06 16:07:49.140  INFO 24300 --- [main] o.hibernate.annotations.common.Version   : HCANN000001: Hibernate Commons Annotations {5.1.0.Final}
2020-05-06 16:07:49.338  INFO 24300 --- [main] org.hibernate.dialect.Dialect            : HHH000400: Using dialect: org.hibernate.dialect.MySQL8Dialect
2020-05-06 16:07:50.467  INFO 24300 --- [main] o.h.e.t.j.p.i.JtaPlatformInitiator       : HHH000490: Using JtaPlatform implementation: [org.hibernate.engine.transaction.jta.platform.internal.NoJtaPlatform]
2020-05-06 16:07:50.483  INFO 24300 --- [main] j.LocalContainerEntityManagerFactoryBean : Initialized JPA EntityManagerFactory for persistence unit 'default'
2020-05-06 16:07:50.779  INFO 24300 --- [main] o.s.s.concurrent.ThreadPoolTaskExecutor  : Initializing ExecutorService 'applicationTaskExecutor'
2020-05-06 16:07:54.530  INFO 24300 --- [main] o.s.cloud.commons.util.InetUtils         : Cannot determine local hostname
2020-05-06 16:07:57.999  INFO 24300 --- [main] o.s.cloud.commons.util.InetUtils         : Cannot determine local hostname
2020-05-06 16:07:58.147  INFO 24300 --- [main] o.s.b.w.embedded.tomcat.TomcatWebServer  : Tomcat started on port(s): 8080 (http) with context path ''
2020-05-06 16:08:01.502  INFO 24300 --- [main] o.s.cloud.commons.util.InetUtils         : Cannot determine local hostname
2020-05-06 16:08:01.511  INFO 24300 --- [main] c.p.helloprice.HellopriceApiApplication  : Started HellopriceApiApplication in 27.627 seconds (JVM running for 30.939)
2020-05-06 16:08:03.557  INFO 24300 --- [http-nio-8080-exec-2] o.a.c.c.C.[Tomcat].[localhost].[/]       : Initializing Spring DispatcherServlet 'dispatcherServlet'
2020-05-06 16:08:03.557  INFO 24300 --- [http-nio-8080-exec-2] o.s.web.servlet.DispatcherServlet        : Initializing Servlet 'dispatcherServlet'
2020-05-06 16:08:03.565  INFO 24300 --- [http-nio-8080-exec-2] o.s.web.servlet.DispatcherServlet        : Completed initialization in 7 ms
2020-05-06 16:54:24.785  INFO 24300 --- [SpringContextShutdownHook] o.s.s.concurrent.ThreadPoolTaskExecutor  : Shutting down ExecutorService 'applicationTaskExecutor'
2020-05-06 16:54:24.786  INFO 24300 --- [SpringContextShutdownHook] j.LocalContainerEntityManagerFactoryBean : Closing JPA EntityManagerFactory for persistence unit 'default'
2020-05-06 16:54:24.803  INFO 24300 --- [SpringContextShutdownHook] com.zaxxer.hikari.HikariDataSource       : HikariPool-1 - Shutdown initiated...
2020-05-06 16:54:24.813  INFO 24300 --- [SpringContextShutdownHook] com.zaxxer.hikari.HikariDataSource       : HikariPool-1 - Shutdown completed.
